<?xml version="1.0" encoding="UTF-8"?>
<testsuite name="com.abarigena.cdcconsumerservice.CdcConsumerServiceApplicationTests" tests="1" skipped="0" failures="0" errors="0" timestamp="2025-06-25T05:38:36.808Z" hostname="MSK-NB-00104" time="2.6">
  <properties/>
  <testcase name="contextLoads()" classname="com.abarigena.cdcconsumerservice.CdcConsumerServiceApplicationTests" time="2.6"/>
  <system-out><![CDATA[10:38:32.016 [Test worker] INFO org.springframework.test.context.support.AnnotationConfigContextLoaderUtils -- Could not detect default configuration classes for test class [com.abarigena.cdcconsumerservice.CdcConsumerServiceApplicationTests]: CdcConsumerServiceApplicationTests does not declare any static, non-private, non-final, nested classes annotated with @Configuration.
10:38:32.236 [Test worker] INFO org.springframework.boot.test.context.SpringBootTestContextBootstrapper -- Found @SpringBootConfiguration com.abarigena.cdcconsumerservice.CdcConsumerServiceApplication for test class com.abarigena.cdcconsumerservice.CdcConsumerServiceApplicationTests

  .   ____          _            __ _ _
 /\\ / ___'_ __ _ _(_)_ __  __ _ \ \ \ \
( ( )\___ | '_ | '_| | '_ \/ _` | \ \ \ \
 \\/  ___)| |_)| | | | | || (_| |  ) ) ) )
  '  |____| .__|_| |_|_| |_\__, | / / / /
 =========|_|==============|___/=/_/_/_/

 :: Spring Boot ::                (v3.5.0)

10:38:33.154 [Test worker] INFO  c.a.c.CdcConsumerServiceApplicationTests - Starting CdcConsumerServiceApplicationTests using Java 21.0.6 with PID 48064 (started by danil.galanov in C:\Users\danil.galanov\Desktop\Tasks\ProjectTaskFlow\ProjectTaskFlow\CdcConsumerService)
10:38:33.157 [Test worker] DEBUG c.a.c.CdcConsumerServiceApplicationTests - Running with Spring Boot v3.5.0, Spring v6.2.7
10:38:33.159 [Test worker] INFO  c.a.c.CdcConsumerServiceApplicationTests - No active profile set, falling back to 1 default profile: "default"
10:38:36.165 [Test worker] INFO  o.a.k.c.consumer.ConsumerConfig - ConsumerConfig values: 
	allow.auto.create.topics = true
	auto.commit.interval.ms = 1000
	auto.include.jmx.reporter = true
	auto.offset.reset = earliest
	bootstrap.servers = [localhost:29092]
	check.crcs = true
	client.dns.lookup = use_all_dns_ips
	client.id = consumer-cdc-consumer-group-1
	client.rack = 
	connections.max.idle.ms = 540000
	default.api.timeout.ms = 60000
	enable.auto.commit = true
	enable.metrics.push = true
	exclude.internal.topics = true
	fetch.max.bytes = 52428800
	fetch.max.wait.ms = 500
	fetch.min.bytes = 1
	group.id = cdc-consumer-group
	group.instance.id = null
	group.protocol = classic
	group.remote.assignor = null
	heartbeat.interval.ms = 3000
	interceptor.classes = []
	internal.leave.group.on.close = true
	internal.throw.on.fetch.stable.offset.unsupported = false
	isolation.level = read_uncommitted
	key.deserializer = class org.apache.kafka.common.serialization.StringDeserializer
	max.partition.fetch.bytes = 1048576
	max.poll.interval.ms = 300000
	max.poll.records = 500
	metadata.max.age.ms = 300000
	metadata.recovery.strategy = none
	metric.reporters = []
	metrics.num.samples = 2
	metrics.recording.level = INFO
	metrics.sample.window.ms = 30000
	partition.assignment.strategy = [class org.apache.kafka.clients.consumer.RangeAssignor, class org.apache.kafka.clients.consumer.CooperativeStickyAssignor]
	receive.buffer.bytes = 65536
	reconnect.backoff.max.ms = 1000
	reconnect.backoff.ms = 50
	request.timeout.ms = 30000
	retry.backoff.max.ms = 1000
	retry.backoff.ms = 100
	sasl.client.callback.handler.class = null
	sasl.jaas.config = null
	sasl.kerberos.kinit.cmd = /usr/bin/kinit
	sasl.kerberos.min.time.before.relogin = 60000
	sasl.kerberos.service.name = null
	sasl.kerberos.ticket.renew.jitter = 0.05
	sasl.kerberos.ticket.renew.window.factor = 0.8
	sasl.login.callback.handler.class = null
	sasl.login.class = null
	sasl.login.connect.timeout.ms = null
	sasl.login.read.timeout.ms = null
	sasl.login.refresh.buffer.seconds = 300
	sasl.login.refresh.min.period.seconds = 60
	sasl.login.refresh.window.factor = 0.8
	sasl.login.refresh.window.jitter = 0.05
	sasl.login.retry.backoff.max.ms = 10000
	sasl.login.retry.backoff.ms = 100
	sasl.mechanism = GSSAPI
	sasl.oauthbearer.clock.skew.seconds = 30
	sasl.oauthbearer.expected.audience = null
	sasl.oauthbearer.expected.issuer = null
	sasl.oauthbearer.header.urlencode = false
	sasl.oauthbearer.jwks.endpoint.refresh.ms = 3600000
	sasl.oauthbearer.jwks.endpoint.retry.backoff.max.ms = 10000
	sasl.oauthbearer.jwks.endpoint.retry.backoff.ms = 100
	sasl.oauthbearer.jwks.endpoint.url = null
	sasl.oauthbearer.scope.claim.name = scope
	sasl.oauthbearer.sub.claim.name = sub
	sasl.oauthbearer.token.endpoint.url = null
	security.protocol = PLAINTEXT
	security.providers = null
	send.buffer.bytes = 131072
	session.timeout.ms = 45000
	socket.connection.setup.timeout.max.ms = 30000
	socket.connection.setup.timeout.ms = 10000
	ssl.cipher.suites = null
	ssl.enabled.protocols = [TLSv1.2, TLSv1.3]
	ssl.endpoint.identification.algorithm = https
	ssl.engine.factory.class = null
	ssl.key.password = null
	ssl.keymanager.algorithm = SunX509
	ssl.keystore.certificate.chain = null
	ssl.keystore.key = null
	ssl.keystore.location = null
	ssl.keystore.password = null
	ssl.keystore.type = JKS
	ssl.protocol = TLSv1.3
	ssl.provider = null
	ssl.secure.random.implementation = null
	ssl.trustmanager.algorithm = PKIX
	ssl.truststore.certificates = null
	ssl.truststore.location = null
	ssl.truststore.password = null
	ssl.truststore.type = JKS
	value.deserializer = class org.apache.kafka.common.serialization.StringDeserializer

10:38:36.256 [Test worker] INFO  o.a.k.c.t.i.KafkaMetricsCollector - initializing Kafka metrics collector
10:38:36.709 [Test worker] INFO  o.a.kafka.common.utils.AppInfoParser - Kafka version: 3.9.1
10:38:36.711 [Test worker] INFO  o.a.kafka.common.utils.AppInfoParser - Kafka commitId: f745dfdcee2b9851
10:38:36.711 [Test worker] INFO  o.a.kafka.common.utils.AppInfoParser - Kafka startTimeMs: 1750829916703
10:38:36.717 [Test worker] INFO  o.a.k.c.c.i.ClassicKafkaConsumer - [Consumer clientId=consumer-cdc-consumer-group-1, groupId=cdc-consumer-group] Subscribed to topic(s): taskflow.public.outbox_events
10:38:36.737 [Test worker] INFO  c.a.c.CdcConsumerServiceApplicationTests - Started CdcConsumerServiceApplicationTests in 4.251 seconds (process running for 6.879)
10:38:37.864 [org.springframework.kafka.KafkaListenerEndpointContainer#0-0-C-1] INFO  org.apache.kafka.clients.Metadata - [Consumer clientId=consumer-cdc-consumer-group-1, groupId=cdc-consumer-group] Cluster ID: EdcHy2TKSkS732oqI4XsfQ
10:38:37.865 [org.springframework.kafka.KafkaListenerEndpointContainer#0-0-C-1] INFO  o.a.k.c.c.i.ConsumerCoordinator - [Consumer clientId=consumer-cdc-consumer-group-1, groupId=cdc-consumer-group] Discovered group coordinator localhost:29092 (id: 2147483646 rack: null)
10:38:37.874 [org.springframework.kafka.KafkaListenerEndpointContainer#0-0-C-1] INFO  o.a.k.c.c.i.ConsumerCoordinator - [Consumer clientId=consumer-cdc-consumer-group-1, groupId=cdc-consumer-group] (Re-)joining group
10:38:37.908 [org.springframework.kafka.KafkaListenerEndpointContainer#0-0-C-1] INFO  o.a.k.c.c.i.ConsumerCoordinator - [Consumer clientId=consumer-cdc-consumer-group-1, groupId=cdc-consumer-group] Request joining group due to: need to re-join with the given member-id: consumer-cdc-consumer-group-1-9f90611c-1723-4a1a-810a-43d88270b16b
10:38:37.909 [org.springframework.kafka.KafkaListenerEndpointContainer#0-0-C-1] INFO  o.a.k.c.c.i.ConsumerCoordinator - [Consumer clientId=consumer-cdc-consumer-group-1, groupId=cdc-consumer-group] (Re-)joining group
10:38:37.930 [org.springframework.kafka.KafkaListenerEndpointContainer#0-0-C-1] INFO  o.a.k.c.c.i.ConsumerCoordinator - [Consumer clientId=consumer-cdc-consumer-group-1, groupId=cdc-consumer-group] Successfully joined group with generation Generation{generationId=8, memberId='consumer-cdc-consumer-group-1-9f90611c-1723-4a1a-810a-43d88270b16b', protocol='range'}
10:38:37.944 [org.springframework.kafka.KafkaListenerEndpointContainer#0-0-C-1] INFO  o.a.k.c.c.i.ConsumerCoordinator - [Consumer clientId=consumer-cdc-consumer-group-1, groupId=cdc-consumer-group] Finished assignment for group at generation 8: {consumer-cdc-consumer-group-1-9f90611c-1723-4a1a-810a-43d88270b16b=Assignment(partitions=[taskflow.public.outbox_events-0])}
10:38:37.970 [org.springframework.kafka.KafkaListenerEndpointContainer#0-0-C-1] INFO  o.a.k.c.c.i.ConsumerCoordinator - [Consumer clientId=consumer-cdc-consumer-group-1, groupId=cdc-consumer-group] Successfully synced group in generation Generation{generationId=8, memberId='consumer-cdc-consumer-group-1-9f90611c-1723-4a1a-810a-43d88270b16b', protocol='range'}
10:38:37.971 [org.springframework.kafka.KafkaListenerEndpointContainer#0-0-C-1] INFO  o.a.k.c.c.i.ConsumerCoordinator - [Consumer clientId=consumer-cdc-consumer-group-1, groupId=cdc-consumer-group] Notifying assignor about the new Assignment(partitions=[taskflow.public.outbox_events-0])
10:38:37.977 [org.springframework.kafka.KafkaListenerEndpointContainer#0-0-C-1] INFO  o.a.k.c.c.i.ConsumerRebalanceListenerInvoker - [Consumer clientId=consumer-cdc-consumer-group-1, groupId=cdc-consumer-group] Adding newly assigned partitions: taskflow.public.outbox_events-0
10:38:38.020 [org.springframework.kafka.KafkaListenerEndpointContainer#0-0-C-1] INFO  o.a.k.c.c.internals.ConsumerUtils - Setting offset for partition taskflow.public.outbox_events-0 to the committed offset FetchPosition{offset=15, offsetEpoch=Optional[0], currentLeader=LeaderAndEpoch{leader=Optional[localhost:29092 (id: 1 rack: null)], epoch=0}}
10:38:38.091 [org.springframework.kafka.KafkaListenerEndpointContainer#0-0-C-1] INFO  o.s.k.l.KafkaMessageListenerContainer - cdc-consumer-group: partitions assigned: [taskflow.public.outbox_events-0]
]]></system-out>
  <system-err><![CDATA[Mockito is currently self-attaching to enable the inline-mock-maker. This will no longer work in future releases of the JDK. Please add Mockito as an agent to your build as described in Mockito's documentation: https://javadoc.io/doc/org.mockito/mockito-core/latest/org.mockito/org/mockito/Mockito.html#0.3
WARNING: A Java agent has been loaded dynamically (C:\Gradle\gradle-8.13\bin\caches\modules-2\files-2.1\net.bytebuddy\byte-buddy-agent\1.17.5\58f9507f5f28d1d3e7adfb4ec2fe37c29d332c9b\byte-buddy-agent-1.17.5.jar)
WARNING: If a serviceability tool is in use, please run with -XX:+EnableDynamicAgentLoading to hide this warning
WARNING: If a serviceability tool is not in use, please run with -Djdk.instrument.traceUsage for more information
WARNING: Dynamic loading of agents will be disallowed by default in a future release
]]></system-err>
</testsuite>
